<?xml version="1.0" encoding="UTF-8"?>
<!-- Generated by org.testng.reporters.JUnitXMLReporter -->
<testsuite ignored="0" hostname="Sanjaypc" failures="0" tests="3" name="Default test" time="47.008" errors="0" timestamp="2025-01-29T18:37:47 IST">
  <testcase classname="Databasetesting.Databasetesting.Datadriventesting" name="retesting" time="14.235"/>
  <testcase classname="Databasetesting.Databasetesting.Datadriventesting" name="retesting" time="10.085"/>
  <testcase classname="Databasetesting.Databasetesting.Datadriventesting" name="retesting" time="20.712"/>
</testsuite> <!-- Default test -->
