<?xml version="1.0" encoding="UTF-8"?>
<!-- Generated by org.testng.reporters.JUnitXMLReporter -->
<testsuite ignored="0" hostname="Sanjaypc" failures="0" tests="3" name="Test" time="71.794" errors="0" timestamp="2025-01-30T19:45:09 IST">
  <testcase classname="Databasetesting.Databasetesting.Datadriventesting" name="retesting" time="15.999"/>
  <testcase classname="Databasetesting.Databasetesting.Datadriventesting" name="retesting" time="19.555"/>
  <testcase classname="Databasetesting.Databasetesting.Datadriventesting" name="retesting" time="34.313"/>
</testsuite> <!-- Test -->
