<?xml version="1.0" encoding="UTF-8"?>
<!-- Generated by org.testng.reporters.JUnitXMLReporter -->
<testsuite ignored="0" hostname="Sanjaypc" failures="0" tests="3" name="Test" time="32.658" errors="0" timestamp="2025-01-31T14:40:46 IST">
  <testcase classname="Databasetesting.Databasetesting.Datadriventesting" name="retesting" time="12.918"/>
  <testcase classname="Databasetesting.Databasetesting.Datadriventesting" name="retesting" time="9.443"/>
  <testcase classname="Databasetesting.Databasetesting.Datadriventesting" name="retesting" time="8.618"/>
</testsuite> <!-- Test -->
