<?xml version="1.0" encoding="UTF-8"?>
<testng-results ignored="0" total="4" passed="4" failed="0" skipped="0">
  <reporter-output>
  </reporter-output>
  <suite started-at="2025-01-31T14:40:13 IST" name="Suite" finished-at="2025-01-31T14:40:54 IST" duration-ms="41486">
    <groups>
    </groups>
    <test started-at="2025-01-31T14:40:13 IST" name="Test" finished-at="2025-01-31T14:40:45 IST" duration-ms="32658">
      <class name="Databasetesting.Databasetesting.Datadriventesting">
        <test-method signature="retesting(java.lang.String, java.lang.String)[pri:0, instance:Databasetesting.Databasetesting.Datadriventesting@30b7c004]" started-at="2025-01-31T14:40:14 IST" name="retesting" data-provider="logindata" finished-at="2025-01-31T14:40:27 IST" duration-ms="12918" status="PASS">
          <params>
            <param index="0">
              <value>
                <![CDATA[Admin]]>
              </value>
            </param>
            <param index="1">
              <value>
                <![CDATA[admin123]]>
              </value>
            </param>
          </params>
          <reporter-output>
          </reporter-output>
        </test-method> <!-- retesting -->
        <test-method signature="retesting(java.lang.String, java.lang.String)[pri:0, instance:Databasetesting.Databasetesting.Datadriventesting@30b7c004]" started-at="2025-01-31T14:40:27 IST" name="retesting" data-provider="logindata" finished-at="2025-01-31T14:40:37 IST" duration-ms="9443" status="PASS">
          <params>
            <param index="0">
              <value>
                <![CDATA[Admin]]>
              </value>
            </param>
            <param index="1">
              <value>
                <![CDATA[admin123]]>
              </value>
            </param>
          </params>
          <reporter-output>
          </reporter-output>
        </test-method> <!-- retesting -->
        <test-method signature="retesting(java.lang.String, java.lang.String)[pri:0, instance:Databasetesting.Databasetesting.Datadriventesting@30b7c004]" started-at="2025-01-31T14:40:37 IST" name="retesting" data-provider="logindata" finished-at="2025-01-31T14:40:45 IST" duration-ms="8618" status="PASS">
          <params>
            <param index="0">
              <value>
                <![CDATA[Admin]]>
              </value>
            </param>
            <param index="1">
              <value>
                <![CDATA[admin123]]>
              </value>
            </param>
          </params>
          <reporter-output>
          </reporter-output>
        </test-method> <!-- retesting -->
      </class> <!-- Databasetesting.Databasetesting.Datadriventesting -->
    </test> <!-- Test -->
    <test started-at="2025-01-31T14:40:46 IST" name="Test1" finished-at="2025-01-31T14:40:54 IST" duration-ms="8744">
      <class name="Databasetesting.Databasetesting.DataTesting">
        <test-method signature="datatesting()[pri:0, instance:Databasetesting.Databasetesting.DataTesting@647fd8ce]" started-at="2025-01-31T14:40:46 IST" name="datatesting" finished-at="2025-01-31T14:40:54 IST" duration-ms="8742" status="PASS">
          <reporter-output>
          </reporter-output>
        </test-method> <!-- datatesting -->
      </class> <!-- Databasetesting.Databasetesting.DataTesting -->
    </test> <!-- Test1 -->
  </suite> <!-- Suite -->
</testng-results>
