<?xml version="1.0" encoding="UTF-8"?>
<testng-results ignored="0" total="3" passed="3" failed="0" skipped="0">
  <reporter-output>
  </reporter-output>
  <suite started-at="2025-01-29T18:37:00 IST" name="Default suite" finished-at="2025-01-29T18:37:47 IST" duration-ms="47008">
    <groups>
    </groups>
    <test started-at="2025-01-29T18:37:00 IST" name="Default test" finished-at="2025-01-29T18:37:47 IST" duration-ms="47008">
      <class name="Databasetesting.Databasetesting.Datadriventesting">
        <test-method signature="retesting(java.lang.String, java.lang.String)[pri:0, instance:Databasetesting.Databasetesting.Datadriventesting@62230c58]" started-at="2025-01-29T18:37:01 IST" name="retesting" data-provider="logindata" finished-at="2025-01-29T18:37:16 IST" duration-ms="14235" status="PASS">
          <params>
            <param index="0">
              <value>
                <![CDATA[Admin]]>
              </value>
            </param>
            <param index="1">
              <value>
                <![CDATA[admin123]]>
              </value>
            </param>
          </params>
          <reporter-output>
          </reporter-output>
        </test-method> <!-- retesting -->
        <test-method signature="retesting(java.lang.String, java.lang.String)[pri:0, instance:Databasetesting.Databasetesting.Datadriventesting@62230c58]" started-at="2025-01-29T18:37:16 IST" name="retesting" data-provider="logindata" finished-at="2025-01-29T18:37:26 IST" duration-ms="10085" status="PASS">
          <params>
            <param index="0">
              <value>
                <![CDATA[Admin]]>
              </value>
            </param>
            <param index="1">
              <value>
                <![CDATA[admin123]]>
              </value>
            </param>
          </params>
          <reporter-output>
          </reporter-output>
        </test-method> <!-- retesting -->
        <test-method signature="retesting(java.lang.String, java.lang.String)[pri:0, instance:Databasetesting.Databasetesting.Datadriventesting@62230c58]" started-at="2025-01-29T18:37:26 IST" name="retesting" data-provider="logindata" finished-at="2025-01-29T18:37:46 IST" duration-ms="20712" status="PASS">
          <params>
            <param index="0">
              <value>
                <![CDATA[Admin]]>
              </value>
            </param>
            <param index="1">
              <value>
                <![CDATA[admin123]]>
              </value>
            </param>
          </params>
          <reporter-output>
          </reporter-output>
        </test-method> <!-- retesting -->
      </class> <!-- Databasetesting.Databasetesting.Datadriventesting -->
    </test> <!-- Default test -->
  </suite> <!-- Default suite -->
</testng-results>
