<?xml version="1.0" encoding="UTF-8"?>
<testng-results ignored="0" total="4" passed="4" failed="0" skipped="0">
  <reporter-output>
  </reporter-output>
  <suite started-at="2025-01-30T19:43:57 IST" name="Suite" finished-at="2025-01-30T19:45:42 IST" duration-ms="104854">
    <groups>
    </groups>
    <test started-at="2025-01-30T19:43:57 IST" name="Test" finished-at="2025-01-30T19:45:09 IST" duration-ms="71794">
      <class name="Databasetesting.Databasetesting.Datadriventesting">
        <test-method signature="retesting(java.lang.String, java.lang.String)[pri:0, instance:Databasetesting.Databasetesting.Datadriventesting@62230c58]" started-at="2025-01-30T19:43:59 IST" name="retesting" data-provider="logindata" finished-at="2025-01-30T19:44:15 IST" duration-ms="15999" status="PASS">
          <params>
            <param index="0">
              <value>
                <![CDATA[Admin]]>
              </value>
            </param>
            <param index="1">
              <value>
                <![CDATA[admin123]]>
              </value>
            </param>
          </params>
          <reporter-output>
          </reporter-output>
        </test-method> <!-- retesting -->
        <test-method signature="retesting(java.lang.String, java.lang.String)[pri:0, instance:Databasetesting.Databasetesting.Datadriventesting@62230c58]" started-at="2025-01-30T19:44:15 IST" name="retesting" data-provider="logindata" finished-at="2025-01-30T19:44:34 IST" duration-ms="19555" status="PASS">
          <params>
            <param index="0">
              <value>
                <![CDATA[Admin]]>
              </value>
            </param>
            <param index="1">
              <value>
                <![CDATA[admin123]]>
              </value>
            </param>
          </params>
          <reporter-output>
          </reporter-output>
        </test-method> <!-- retesting -->
        <test-method signature="retesting(java.lang.String, java.lang.String)[pri:0, instance:Databasetesting.Databasetesting.Datadriventesting@62230c58]" started-at="2025-01-30T19:44:34 IST" name="retesting" data-provider="logindata" finished-at="2025-01-30T19:45:08 IST" duration-ms="34313" status="PASS">
          <params>
            <param index="0">
              <value>
                <![CDATA[Admin]]>
              </value>
            </param>
            <param index="1">
              <value>
                <![CDATA[admin123]]>
              </value>
            </param>
          </params>
          <reporter-output>
          </reporter-output>
        </test-method> <!-- retesting -->
      </class> <!-- Databasetesting.Databasetesting.Datadriventesting -->
    </test> <!-- Test -->
    <test started-at="2025-01-30T19:45:09 IST" name="Test1" finished-at="2025-01-30T19:45:42 IST" duration-ms="32906">
      <class name="Databasetesting.Databasetesting.DataTesting">
        <test-method signature="datatesting()[pri:0, instance:Databasetesting.Databasetesting.DataTesting@22e357dc]" started-at="2025-01-30T19:45:09 IST" name="datatesting" finished-at="2025-01-30T19:45:42 IST" duration-ms="32870" status="PASS">
          <reporter-output>
          </reporter-output>
        </test-method> <!-- datatesting -->
      </class> <!-- Databasetesting.Databasetesting.DataTesting -->
    </test> <!-- Test1 -->
  </suite> <!-- Suite -->
</testng-results>
